{"C:\\Users\\bnorm\\ProgrammingProjects\\SAGE_XR_React\\frontend\\src\\config.js": {"path":"C:\\Users\\bnorm\\ProgrammingProjects\\SAGE_XR_React\\frontend\\src\\config.js","statementMap":{"0":{"start":{"line":2,"column":15},"end":{"line":12,"column":1}},"1":{"start":{"line":14,"column":20},"end":{"line":14,"column":57}},"2":{"start":{"line":15,"column":22},"end":{"line":15,"column":48}}},"fnMap":{},"branchMap":{"0":{"loc":{"start":{"line":14,"column":20},"end":{"line":14,"column":57}},"type":"binary-expr","locations":[{"start":{"line":14,"column":20},"end":{"line":14,"column":40}},{"start":{"line":14,"column":44},"end":{"line":14,"column":57}}],"line":14}},"s":{"0":1,"1":1,"2":1},"f":{},"b":{"0":[1,0]},"_coverageSchema":"1a1c01bbd47fc00a2c39e90264f33305004495a9","hash":"d27055defa83f160ce705503dfa1275314c92935"}
,"C:\\Users\\bnorm\\ProgrammingProjects\\SAGE_XR_React\\frontend\\src\\Components\\ChatBox.js": {"path":"C:\\Users\\bnorm\\ProgrammingProjects\\SAGE_XR_React\\frontend\\src\\Components\\ChatBox.js","statementMap":{"0":{"start":{"line":4,"column":2},"end":{"line":13,"column":4}},"1":{"start":{"line":7,"column":8},"end":{"line":10,"column":14}},"2":{"start":{"line":17,"column":0},"end":{"line":17,"column":32}}},"fnMap":{"0":{"name":"ChatBox","decl":{"start":{"line":3,"column":9},"end":{"line":3,"column":16}},"loc":{"start":{"line":3,"column":53},"end":{"line":14,"column":1}},"line":3},"1":{"name":"(anonymous_1)","decl":{"start":{"line":6,"column":20},"end":{"line":6,"column":21}},"loc":{"start":{"line":7,"column":8},"end":{"line":10,"column":14}},"line":7}},"branchMap":{"0":{"loc":{"start":{"line":7,"column":36},"end":{"line":7,"column":91}},"type":"cond-expr","locations":[{"start":{"line":7,"column":62},"end":{"line":7,"column":76}},{"start":{"line":7,"column":79},"end":{"line":7,"column":91}}],"line":7}},"s":{"0":3,"1":4,"2":1},"f":{"0":3,"1":4},"b":{"0":[2,2]},"_coverageSchema":"1a1c01bbd47fc00a2c39e90264f33305004495a9","hash":"1edc6cd1d11943b65ddd821d20f340c3cbd95958"}
,"C:\\Users\\bnorm\\ProgrammingProjects\\SAGE_XR_React\\frontend\\src\\Components\\Dropdown.js": {"path":"C:\\Users\\bnorm\\ProgrammingProjects\\SAGE_XR_React\\frontend\\src\\Components\\Dropdown.js","statementMap":{"0":{"start":{"line":6,"column":17},"end":{"line":34,"column":1}},"1":{"start":{"line":7,"column":30},"end":{"line":7,"column":45}},"2":{"start":{"line":9,"column":25},"end":{"line":11,"column":3}},"3":{"start":{"line":10,"column":4},"end":{"line":10,"column":23}},"4":{"start":{"line":13,"column":23},"end":{"line":16,"column":3}},"5":{"start":{"line":14,"column":4},"end":{"line":14,"column":21}},"6":{"start":{"line":15,"column":4},"end":{"line":15,"column":21}},"7":{"start":{"line":18,"column":2},"end":{"line":33,"column":4}},"8":{"start":{"line":26,"column":12},"end":{"line":28,"column":21}},"9":{"start":{"line":26,"column":47},"end":{"line":26,"column":67}},"10":{"start":{"line":36,"column":0},"end":{"line":39,"column":2}}},"fnMap":{"0":{"name":"(anonymous_0)","decl":{"start":{"line":6,"column":17},"end":{"line":6,"column":18}},"loc":{"start":{"line":6,"column":44},"end":{"line":34,"column":1}},"line":6},"1":{"name":"(anonymous_1)","decl":{"start":{"line":9,"column":25},"end":{"line":9,"column":26}},"loc":{"start":{"line":9,"column":31},"end":{"line":11,"column":3}},"line":9},"2":{"name":"(anonymous_2)","decl":{"start":{"line":13,"column":23},"end":{"line":13,"column":24}},"loc":{"start":{"line":13,"column":35},"end":{"line":16,"column":3}},"line":13},"3":{"name":"(anonymous_3)","decl":{"start":{"line":25,"column":23},"end":{"line":25,"column":24}},"loc":{"start":{"line":26,"column":12},"end":{"line":28,"column":21}},"line":26},"4":{"name":"(anonymous_4)","decl":{"start":{"line":26,"column":41},"end":{"line":26,"column":42}},"loc":{"start":{"line":26,"column":47},"end":{"line":26,"column":67}},"line":26}},"branchMap":{"0":{"loc":{"start":{"line":23,"column":7},"end":{"line":31,"column":7}},"type":"binary-expr","locations":[{"start":{"line":23,"column":7},"end":{"line":23,"column":13}},{"start":{"line":24,"column":8},"end":{"line":30,"column":14}}],"line":23}},"s":{"0":1,"1":10,"2":10,"3":3,"4":10,"5":2,"6":2,"7":10,"8":9,"9":2,"10":1},"f":{"0":10,"1":3,"2":2,"3":9,"4":2},"b":{"0":[10,3]},"_coverageSchema":"1a1c01bbd47fc00a2c39e90264f33305004495a9","hash":"52a506aaeeb920b9d8960649bb4b1d496b920a65"}
,"C:\\Users\\bnorm\\ProgrammingProjects\\SAGE_XR_React\\frontend\\src\\Components\\FileInput.js": {"path":"C:\\Users\\bnorm\\ProgrammingProjects\\SAGE_XR_React\\frontend\\src\\Components\\FileInput.js","statementMap":{"0":{"start":{"line":5,"column":27},"end":{"line":8,"column":3}},"1":{"start":{"line":6,"column":18},"end":{"line":6,"column":48}},"2":{"start":{"line":7,"column":4},"end":{"line":7,"column":20}},"3":{"start":{"line":10,"column":21},"end":{"line":15,"column":3}},"4":{"start":{"line":11,"column":4},"end":{"line":11,"column":27}},"5":{"start":{"line":12,"column":4},"end":{"line":12,"column":28}},"6":{"start":{"line":13,"column":18},"end":{"line":13,"column":54}},"7":{"start":{"line":14,"column":4},"end":{"line":14,"column":20}},"8":{"start":{"line":17,"column":2},"end":{"line":45,"column":4}},"9":{"start":{"line":20,"column":25},"end":{"line":20,"column":43}},"10":{"start":{"line":28,"column":23},"end":{"line":28,"column":68}}},"fnMap":{"0":{"name":"FileInput","decl":{"start":{"line":4,"column":9},"end":{"line":4,"column":18}},"loc":{"start":{"line":4,"column":33},"end":{"line":46,"column":1}},"line":4},"1":{"name":"(anonymous_1)","decl":{"start":{"line":5,"column":27},"end":{"line":5,"column":28}},"loc":{"start":{"line":5,"column":38},"end":{"line":8,"column":3}},"line":5},"2":{"name":"(anonymous_2)","decl":{"start":{"line":10,"column":21},"end":{"line":10,"column":22}},"loc":{"start":{"line":10,"column":32},"end":{"line":15,"column":3}},"line":10},"3":{"name":"(anonymous_3)","decl":{"start":{"line":20,"column":18},"end":{"line":20,"column":19}},"loc":{"start":{"line":20,"column":25},"end":{"line":20,"column":43}},"line":20},"4":{"name":"(anonymous_4)","decl":{"start":{"line":28,"column":17},"end":{"line":28,"column":18}},"loc":{"start":{"line":28,"column":23},"end":{"line":28,"column":68}},"line":28}},"branchMap":{},"s":{"0":5,"1":1,"2":1,"3":5,"4":1,"5":1,"6":1,"7":1,"8":5,"9":1,"10":1},"f":{"0":5,"1":1,"2":1,"3":1,"4":1},"b":{},"_coverageSchema":"1a1c01bbd47fc00a2c39e90264f33305004495a9","hash":"3b34bb0bd0ed3faef109bfedc0ab264ee4b75dae"}
,"C:\\Users\\bnorm\\ProgrammingProjects\\SAGE_XR_React\\frontend\\src\\Components\\InputArea.js": {"path":"C:\\Users\\bnorm\\ProgrammingProjects\\SAGE_XR_React\\frontend\\src\\Components\\InputArea.js","statementMap":{"0":{"start":{"line":4,"column":2},"end":{"line":23,"column":4}},"1":{"start":{"line":14,"column":10},"end":{"line":14,"column":39}},"2":{"start":{"line":15,"column":10},"end":{"line":15,"column":34}}},"fnMap":{"0":{"name":"InputArea","decl":{"start":{"line":3,"column":9},"end":{"line":3,"column":18}},"loc":{"start":{"line":3,"column":124},"end":{"line":24,"column":1}},"line":3},"1":{"name":"(anonymous_1)","decl":{"start":{"line":13,"column":18},"end":{"line":13,"column":19}},"loc":{"start":{"line":13,"column":25},"end":{"line":16,"column":9}},"line":13}},"branchMap":{"0":{"loc":{"start":{"line":6,"column":7},"end":{"line":8,"column":7}},"type":"binary-expr","locations":[{"start":{"line":6,"column":7},"end":{"line":6,"column":11}},{"start":{"line":6,"column":16},"end":{"line":6,"column":47}},{"start":{"line":6,"column":51},"end":{"line":6,"column":85}},{"start":{"line":7,"column":6},"end":{"line":7,"column":108}}],"line":6}},"s":{"0":9,"1":1,"2":1},"f":{"0":9,"1":1},"b":{"0":[9,4,2,3]},"_coverageSchema":"1a1c01bbd47fc00a2c39e90264f33305004495a9","hash":"dd7da221e6276e59146222f5407bb1dfc86bee40"}
,"C:\\Users\\bnorm\\ProgrammingProjects\\SAGE_XR_React\\frontend\\src\\Components\\Login.js": {"path":"C:\\Users\\bnorm\\ProgrammingProjects\\SAGE_XR_React\\frontend\\src\\Components\\Login.js","statementMap":{"0":{"start":{"line":4,"column":14},"end":{"line":61,"column":1}},"1":{"start":{"line":5,"column":38},"end":{"line":5,"column":50}},"2":{"start":{"line":6,"column":34},"end":{"line":6,"column":46}},"3":{"start":{"line":7,"column":38},"end":{"line":7,"column":50}},"4":{"start":{"line":9,"column":22},"end":{"line":33,"column":3}},"5":{"start":{"line":10,"column":4},"end":{"line":32,"column":5}},"6":{"start":{"line":13,"column":6},"end":{"line":13,"column":72}},"7":{"start":{"line":14,"column":23},"end":{"line":20,"column":8}},"8":{"start":{"line":22,"column":21},"end":{"line":22,"column":42}},"9":{"start":{"line":23,"column":6},"end":{"line":28,"column":7}},"10":{"start":{"line":24,"column":8},"end":{"line":24,"column":43}},"11":{"start":{"line":25,"column":8},"end":{"line":25,"column":26}},"12":{"start":{"line":27,"column":8},"end":{"line":27,"column":63}},"13":{"start":{"line":30,"column":6},"end":{"line":30,"column":37}},"14":{"start":{"line":31,"column":6},"end":{"line":31,"column":53}},"15":{"start":{"line":35,"column":2},"end":{"line":60,"column":4}},"16":{"start":{"line":42,"column":25},"end":{"line":42,"column":54}},"17":{"start":{"line":49,"column":25},"end":{"line":49,"column":52}}},"fnMap":{"0":{"name":"(anonymous_0)","decl":{"start":{"line":4,"column":14},"end":{"line":4,"column":15}},"loc":{"start":{"line":4,"column":31},"end":{"line":61,"column":1}},"line":4},"1":{"name":"(anonymous_1)","decl":{"start":{"line":9,"column":22},"end":{"line":9,"column":23}},"loc":{"start":{"line":9,"column":34},"end":{"line":33,"column":3}},"line":9},"2":{"name":"(anonymous_2)","decl":{"start":{"line":42,"column":18},"end":{"line":42,"column":19}},"loc":{"start":{"line":42,"column":25},"end":{"line":42,"column":54}},"line":42},"3":{"name":"(anonymous_3)","decl":{"start":{"line":49,"column":18},"end":{"line":49,"column":19}},"loc":{"start":{"line":49,"column":25},"end":{"line":49,"column":52}},"line":49}},"branchMap":{"0":{"loc":{"start":{"line":23,"column":6},"end":{"line":28,"column":7}},"type":"if","locations":[{"start":{"line":23,"column":6},"end":{"line":28,"column":7}},{"start":{"line":26,"column":13},"end":{"line":28,"column":7}}],"line":23},"1":{"loc":{"start":{"line":27,"column":22},"end":{"line":27,"column":61}},"type":"binary-expr","locations":[{"start":{"line":27,"column":22},"end":{"line":27,"column":36}},{"start":{"line":27,"column":40},"end":{"line":27,"column":61}}],"line":27},"2":{"loc":{"start":{"line":58,"column":7},"end":{"line":58,"column":58}},"type":"binary-expr","locations":[{"start":{"line":58,"column":7},"end":{"line":58,"column":17}},{"start":{"line":58,"column":21},"end":{"line":58,"column":58}}],"line":58}},"s":{"0":1,"1":15,"2":15,"3":15,"4":15,"5":3,"6":3,"7":3,"8":2,"9":2,"10":1,"11":1,"12":1,"13":1,"14":1,"15":15,"16":4,"17":4},"f":{"0":15,"1":3,"2":4,"3":4},"b":{"0":[1,1],"1":[1,0],"2":[15,2]},"_coverageSchema":"1a1c01bbd47fc00a2c39e90264f33305004495a9","hash":"1de1bb5bf803d6247e3a0d336501c97fca6fa53c"}
,"C:\\Users\\bnorm\\ProgrammingProjects\\SAGE_XR_React\\frontend\\src\\Components\\LoginModal.js": {"path":"C:\\Users\\bnorm\\ProgrammingProjects\\SAGE_XR_React\\frontend\\src\\Components\\LoginModal.js","statementMap":{"0":{"start":{"line":6,"column":19},"end":{"line":17,"column":1}},"1":{"start":{"line":7,"column":2},"end":{"line":7,"column":27}},"2":{"start":{"line":7,"column":15},"end":{"line":7,"column":27}},"3":{"start":{"line":9,"column":2},"end":{"line":16,"column":4}},"4":{"start":{"line":19,"column":0},"end":{"line":23,"column":2}}},"fnMap":{"0":{"name":"(anonymous_0)","decl":{"start":{"line":6,"column":19},"end":{"line":6,"column":20}},"loc":{"start":{"line":6,"column":54},"end":{"line":17,"column":1}},"line":6}},"branchMap":{"0":{"loc":{"start":{"line":7,"column":2},"end":{"line":7,"column":27}},"type":"if","locations":[{"start":{"line":7,"column":2},"end":{"line":7,"column":27}},{"start":{},"end":{}}],"line":7}},"s":{"0":1,"1":6,"2":1,"3":5,"4":1},"f":{"0":6},"b":{"0":[1,5]},"_coverageSchema":"1a1c01bbd47fc00a2c39e90264f33305004495a9","hash":"0dfcb4e7b6077d7af347fc19176c7c79bdc602d0"}
,"C:\\Users\\bnorm\\ProgrammingProjects\\SAGE_XR_React\\frontend\\src\\Components\\ModalButtons.js": {"path":"C:\\Users\\bnorm\\ProgrammingProjects\\SAGE_XR_React\\frontend\\src\\Components\\ModalButtons.js","statementMap":{"0":{"start":{"line":4,"column":2},"end":{"line":22,"column":4}}},"fnMap":{"0":{"name":"ModalButtons","decl":{"start":{"line":3,"column":9},"end":{"line":3,"column":21}},"loc":{"start":{"line":3,"column":61},"end":{"line":23,"column":1}},"line":3}},"branchMap":{},"s":{"0":4},"f":{"0":4},"b":{},"_coverageSchema":"1a1c01bbd47fc00a2c39e90264f33305004495a9","hash":"b0cd02bce2cf41e1b28a387ea60e2de3d7c635d6"}
,"C:\\Users\\bnorm\\ProgrammingProjects\\SAGE_XR_React\\frontend\\src\\Components\\SuccefulMessage.js": {"path":"C:\\Users\\bnorm\\ProgrammingProjects\\SAGE_XR_React\\frontend\\src\\Components\\SuccefulMessage.js","statementMap":{"0":{"start":{"line":3,"column":24},"end":{"line":10,"column":1}},"1":{"start":{"line":4,"column":2},"end":{"line":9,"column":8}}},"fnMap":{"0":{"name":"(anonymous_0)","decl":{"start":{"line":3,"column":24},"end":{"line":3,"column":25}},"loc":{"start":{"line":4,"column":2},"end":{"line":9,"column":8}},"line":4}},"branchMap":{},"s":{"0":1,"1":5},"f":{"0":5},"b":{},"_coverageSchema":"1a1c01bbd47fc00a2c39e90264f33305004495a9","hash":"666136c27f615d2941e7b905bc9cf5a62115059c"}
,"C:\\Users\\bnorm\\ProgrammingProjects\\SAGE_XR_React\\frontend\\src\\Components\\UploadModal.js": {"path":"C:\\Users\\bnorm\\ProgrammingProjects\\SAGE_XR_React\\frontend\\src\\Components\\UploadModal.js","statementMap":{"0":{"start":{"line":7,"column":44},"end":{"line":7,"column":56}},"1":{"start":{"line":8,"column":42},"end":{"line":8,"column":54}},"2":{"start":{"line":9,"column":58},"end":{"line":9,"column":70}},"3":{"start":{"line":10,"column":26},"end":{"line":10,"column":38}},"4":{"start":{"line":12,"column":19},"end":{"line":38,"column":3}},"5":{"start":{"line":13,"column":23},"end":{"line":20,"column":5}},"6":{"start":{"line":15,"column":8},"end":{"line":19,"column":34}},"7":{"start":{"line":22,"column":25},"end":{"line":22,"column":57}},"8":{"start":{"line":23,"column":23},"end":{"line":23,"column":63}},"9":{"start":{"line":24,"column":22},"end":{"line":24,"column":23}},"10":{"start":{"line":26,"column":4},"end":{"line":29,"column":5}},"11":{"start":{"line":27,"column":6},"end":{"line":27,"column":111}},"12":{"start":{"line":28,"column":6},"end":{"line":28,"column":13}},"13":{"start":{"line":31,"column":4},"end":{"line":35,"column":5}},"14":{"start":{"line":32,"column":6},"end":{"line":32,"column":77}},"15":{"start":{"line":34,"column":6},"end":{"line":34,"column":26}},"16":{"start":{"line":37,"column":4},"end":{"line":37,"column":57}},"17":{"start":{"line":37,"column":31},"end":{"line":37,"column":55}},"18":{"start":{"line":40,"column":21},"end":{"line":45,"column":3}},"19":{"start":{"line":41,"column":4},"end":{"line":41,"column":25}},"20":{"start":{"line":42,"column":4},"end":{"line":42,"column":24}},"21":{"start":{"line":43,"column":4},"end":{"line":43,"column":32}},"22":{"start":{"line":44,"column":4},"end":{"line":44,"column":24}},"23":{"start":{"line":47,"column":21},"end":{"line":49,"column":3}},"24":{"start":{"line":48,"column":4},"end":{"line":48,"column":82}},"25":{"start":{"line":48,"column":56},"end":{"line":48,"column":79}},"26":{"start":{"line":51,"column":23},"end":{"line":101,"column":3}},"27":{"start":{"line":52,"column":4},"end":{"line":54,"column":5}},"28":{"start":{"line":53,"column":6},"end":{"line":53,"column":46}},"29":{"start":{"line":56,"column":4},"end":{"line":62,"column":5}},"30":{"start":{"line":57,"column":6},"end":{"line":57,"column":48}},"31":{"start":{"line":58,"column":6},"end":{"line":60,"column":7}},"32":{"start":{"line":59,"column":8},"end":{"line":59,"column":49}},"33":{"start":{"line":61,"column":6},"end":{"line":61,"column":13}},"34":{"start":{"line":64,"column":21},"end":{"line":64,"column":35}},"35":{"start":{"line":65,"column":4},"end":{"line":65,"column":68}},"36":{"start":{"line":65,"column":36},"end":{"line":65,"column":66}},"37":{"start":{"line":67,"column":4},"end":{"line":100,"column":5}},"38":{"start":{"line":68,"column":23},"end":{"line":71,"column":8}},"39":{"start":{"line":73,"column":6},"end":{"line":90,"column":7}},"40":{"start":{"line":74,"column":8},"end":{"line":74,"column":28}},"41":{"start":{"line":75,"column":8},"end":{"line":80,"column":16}},"42":{"start":{"line":76,"column":10},"end":{"line":76,"column":33}},"43":{"start":{"line":77,"column":10},"end":{"line":79,"column":19}},"44":{"start":{"line":78,"column":12},"end":{"line":78,"column":36}},"45":{"start":{"line":82,"column":23},"end":{"line":82,"column":44}},"46":{"start":{"line":83,"column":8},"end":{"line":83,"column":60}},"47":{"start":{"line":84,"column":8},"end":{"line":86,"column":17}},"48":{"start":{"line":85,"column":10},"end":{"line":85,"column":38}},"49":{"start":{"line":87,"column":8},"end":{"line":89,"column":9}},"50":{"start":{"line":88,"column":10},"end":{"line":88,"column":51}},"51":{"start":{"line":92,"column":6},"end":{"line":92,"column":45}},"52":{"start":{"line":93,"column":6},"end":{"line":93,"column":56}},"53":{"start":{"line":94,"column":6},"end":{"line":96,"column":15}},"54":{"start":{"line":95,"column":8},"end":{"line":95,"column":36}},"55":{"start":{"line":97,"column":6},"end":{"line":99,"column":7}},"56":{"start":{"line":98,"column":8},"end":{"line":98,"column":49}},"57":{"start":{"line":103,"column":2},"end":{"line":117,"column":4}}},"fnMap":{"0":{"name":"UploadModal","decl":{"start":{"line":6,"column":9},"end":{"line":6,"column":20}},"loc":{"start":{"line":6,"column":62},"end":{"line":118,"column":1}},"line":6},"1":{"name":"(anonymous_1)","decl":{"start":{"line":12,"column":19},"end":{"line":12,"column":20}},"loc":{"start":{"line":12,"column":30},"end":{"line":38,"column":3}},"line":12},"2":{"name":"(anonymous_2)","decl":{"start":{"line":14,"column":6},"end":{"line":14,"column":7}},"loc":{"start":{"line":15,"column":8},"end":{"line":19,"column":34}},"line":15},"3":{"name":"(anonymous_3)","decl":{"start":{"line":37,"column":21},"end":{"line":37,"column":22}},"loc":{"start":{"line":37,"column":31},"end":{"line":37,"column":55}},"line":37},"4":{"name":"(anonymous_4)","decl":{"start":{"line":40,"column":21},"end":{"line":40,"column":22}},"loc":{"start":{"line":40,"column":27},"end":{"line":45,"column":3}},"line":40},"5":{"name":"(anonymous_5)","decl":{"start":{"line":47,"column":21},"end":{"line":47,"column":22}},"loc":{"start":{"line":47,"column":40},"end":{"line":49,"column":3}},"line":47},"6":{"name":"(anonymous_6)","decl":{"start":{"line":48,"column":42},"end":{"line":48,"column":43}},"loc":{"start":{"line":48,"column":56},"end":{"line":48,"column":79}},"line":48},"7":{"name":"(anonymous_7)","decl":{"start":{"line":51,"column":23},"end":{"line":51,"column":24}},"loc":{"start":{"line":51,"column":35},"end":{"line":101,"column":3}},"line":51},"8":{"name":"(anonymous_8)","decl":{"start":{"line":65,"column":26},"end":{"line":65,"column":27}},"loc":{"start":{"line":65,"column":36},"end":{"line":65,"column":66}},"line":65},"9":{"name":"(anonymous_9)","decl":{"start":{"line":75,"column":19},"end":{"line":75,"column":20}},"loc":{"start":{"line":75,"column":25},"end":{"line":80,"column":9}},"line":75},"10":{"name":"(anonymous_10)","decl":{"start":{"line":77,"column":21},"end":{"line":77,"column":22}},"loc":{"start":{"line":77,"column":27},"end":{"line":79,"column":11}},"line":77},"11":{"name":"(anonymous_11)","decl":{"start":{"line":84,"column":19},"end":{"line":84,"column":20}},"loc":{"start":{"line":84,"column":25},"end":{"line":86,"column":9}},"line":84},"12":{"name":"(anonymous_12)","decl":{"start":{"line":94,"column":17},"end":{"line":94,"column":18}},"loc":{"start":{"line":94,"column":23},"end":{"line":96,"column":7}},"line":94}},"branchMap":{"0":{"loc":{"start":{"line":15,"column":8},"end":{"line":19,"column":34}},"type":"binary-expr","locations":[{"start":{"line":15,"column":8},"end":{"line":15,"column":34}},{"start":{"line":16,"column":8},"end":{"line":16,"column":34}},{"start":{"line":17,"column":8},"end":{"line":17,"column":35}},{"start":{"line":18,"column":8},"end":{"line":18,"column":35}},{"start":{"line":19,"column":8},"end":{"line":19,"column":34}}],"line":15},"1":{"loc":{"start":{"line":26,"column":4},"end":{"line":29,"column":5}},"type":"if","locations":[{"start":{"line":26,"column":4},"end":{"line":29,"column":5}},{"start":{},"end":{}}],"line":26},"2":{"loc":{"start":{"line":31,"column":4},"end":{"line":35,"column":5}},"type":"if","locations":[{"start":{"line":31,"column":4},"end":{"line":35,"column":5}},{"start":{"line":33,"column":11},"end":{"line":35,"column":5}}],"line":31},"3":{"loc":{"start":{"line":52,"column":4},"end":{"line":54,"column":5}},"type":"if","locations":[{"start":{"line":52,"column":4},"end":{"line":54,"column":5}},{"start":{},"end":{}}],"line":52},"4":{"loc":{"start":{"line":56,"column":4},"end":{"line":62,"column":5}},"type":"if","locations":[{"start":{"line":56,"column":4},"end":{"line":62,"column":5}},{"start":{},"end":{}}],"line":56},"5":{"loc":{"start":{"line":58,"column":6},"end":{"line":60,"column":7}},"type":"if","locations":[{"start":{"line":58,"column":6},"end":{"line":60,"column":7}},{"start":{},"end":{}}],"line":58},"6":{"loc":{"start":{"line":73,"column":6},"end":{"line":90,"column":7}},"type":"if","locations":[{"start":{"line":73,"column":6},"end":{"line":90,"column":7}},{"start":{"line":81,"column":13},"end":{"line":90,"column":7}}],"line":73},"7":{"loc":{"start":{"line":87,"column":8},"end":{"line":89,"column":9}},"type":"if","locations":[{"start":{"line":87,"column":8},"end":{"line":89,"column":9}},{"start":{},"end":{}}],"line":87},"8":{"loc":{"start":{"line":97,"column":6},"end":{"line":99,"column":7}},"type":"if","locations":[{"start":{"line":97,"column":6},"end":{"line":99,"column":7}},{"start":{},"end":{}}],"line":97},"9":{"loc":{"start":{"line":106,"column":9},"end":{"line":106,"column":72}},"type":"binary-expr","locations":[{"start":{"line":106,"column":9},"end":{"line":106,"column":21}},{"start":{"line":106,"column":25},"end":{"line":106,"column":72}}],"line":106},"10":{"loc":{"start":{"line":107,"column":9},"end":{"line":107,"column":90}},"type":"binary-expr","locations":[{"start":{"line":107,"column":9},"end":{"line":107,"column":29}},{"start":{"line":107,"column":33},"end":{"line":107,"column":90}}],"line":107}},"s":{"0":26,"1":26,"2":26,"3":26,"4":26,"5":11,"6":11,"7":11,"8":11,"9":11,"10":11,"11":1,"12":1,"13":10,"14":2,"15":8,"16":10,"17":10,"18":26,"19":2,"20":2,"21":2,"22":2,"23":26,"24":1,"25":1,"26":26,"27":3,"28":3,"29":3,"30":0,"31":0,"32":0,"33":0,"34":3,"35":3,"36":3,"37":3,"38":3,"39":2,"40":1,"41":1,"42":1,"43":1,"44":0,"45":1,"46":1,"47":1,"48":0,"49":1,"50":1,"51":1,"52":1,"53":1,"54":0,"55":1,"56":1,"57":26},"f":{"0":26,"1":11,"2":11,"3":10,"4":2,"5":1,"6":1,"7":3,"8":3,"9":1,"10":0,"11":0,"12":0},"b":{"0":[11,2,2,2,2],"1":[1,10],"2":[2,8],"3":[3,0],"4":[0,3],"5":[0,0],"6":[1,1],"7":[1,0],"8":[1,0],"9":[26,3],"10":[26,2]},"_coverageSchema":"1a1c01bbd47fc00a2c39e90264f33305004495a9","hash":"663183bdb6716772d20a2406aae4d6debf58a968"}
,"C:\\Users\\bnorm\\ProgrammingProjects\\SAGE_XR_React\\frontend\\src\\Components\\UploadedFilesList.js": {"path":"C:\\Users\\bnorm\\ProgrammingProjects\\SAGE_XR_React\\frontend\\src\\Components\\UploadedFilesList.js","statementMap":{"0":{"start":{"line":4,"column":2},"end":{"line":22,"column":4}},"1":{"start":{"line":13,"column":12},"end":{"line":15,"column":17}},"2":{"start":{"line":14,"column":71},"end":{"line":14,"column":88}}},"fnMap":{"0":{"name":"UploadedFilesList","decl":{"start":{"line":3,"column":9},"end":{"line":3,"column":26}},"loc":{"start":{"line":3,"column":58},"end":{"line":23,"column":1}},"line":3},"1":{"name":"(anonymous_1)","decl":{"start":{"line":12,"column":28},"end":{"line":12,"column":29}},"loc":{"start":{"line":13,"column":12},"end":{"line":15,"column":17}},"line":13},"2":{"name":"(anonymous_2)","decl":{"start":{"line":14,"column":65},"end":{"line":14,"column":66}},"loc":{"start":{"line":14,"column":71},"end":{"line":14,"column":88}},"line":14}},"branchMap":{"0":{"loc":{"start":{"line":11,"column":9},"end":{"line":19,"column":9}},"type":"cond-expr","locations":[{"start":{"line":12,"column":10},"end":{"line":16,"column":12}},{"start":{"line":18,"column":10},"end":{"line":18,"column":40}}],"line":11}},"s":{"0":5,"1":9,"2":3},"f":{"0":5,"1":9,"2":3},"b":{"0":[3,2]},"_coverageSchema":"1a1c01bbd47fc00a2c39e90264f33305004495a9","hash":"153ea2970799b597a3a1ede86fc30a99cb6efe5a"}
}
