TN:
SF:src\config.js
FNF:0
FNH:0
DA:2,1
DA:14,1
DA:15,1
LF:3
LH:3
BRDA:14,0,0,1
BRDA:14,0,1,0
BRF:2
BRH:1
end_of_record
TN:
SF:src\Components\ChatBox.js
FN:3,ChatBox
FN:6,(anonymous_1)
FNF:2
FNH:2
FNDA:3,ChatBox
FNDA:4,(anonymous_1)
DA:4,3
DA:7,4
DA:17,1
LF:3
LH:3
BRDA:7,0,0,2
BRDA:7,0,1,2
BRF:2
BRH:2
end_of_record
TN:
SF:src\Components\Dropdown.js
FN:6,(anonymous_0)
FN:9,(anonymous_1)
FN:13,(anonymous_2)
FN:25,(anonymous_3)
FN:26,(anonymous_4)
FNF:5
FNH:5
FNDA:10,(anonymous_0)
FNDA:3,(anonymous_1)
FNDA:2,(anonymous_2)
FNDA:9,(anonymous_3)
FNDA:2,(anonymous_4)
DA:6,1
DA:7,10
DA:9,10
DA:10,3
DA:13,10
DA:14,2
DA:15,2
DA:18,10
DA:26,9
DA:36,1
LF:10
LH:10
BRDA:23,0,0,10
BRDA:23,0,1,3
BRF:2
BRH:2
end_of_record
TN:
SF:src\Components\FileInput.js
FN:4,FileInput
FN:5,(anonymous_1)
FN:10,(anonymous_2)
FN:20,(anonymous_3)
FN:28,(anonymous_4)
FNF:5
FNH:5
FNDA:5,FileInput
FNDA:1,(anonymous_1)
FNDA:1,(anonymous_2)
FNDA:1,(anonymous_3)
FNDA:1,(anonymous_4)
DA:5,5
DA:6,1
DA:7,1
DA:10,5
DA:11,1
DA:12,1
DA:13,1
DA:14,1
DA:17,5
DA:20,1
DA:28,1
LF:11
LH:11
BRF:0
BRH:0
end_of_record
TN:
SF:src\Components\InputArea.js
FN:3,InputArea
FN:13,(anonymous_1)
FNF:2
FNH:2
FNDA:9,InputArea
FNDA:1,(anonymous_1)
DA:4,9
DA:14,1
DA:15,1
LF:3
LH:3
BRDA:6,0,0,9
BRDA:6,0,1,4
BRDA:6,0,2,2
BRDA:6,0,3,3
BRF:4
BRH:4
end_of_record
TN:
SF:src\Components\Login.js
FN:4,(anonymous_0)
FN:9,(anonymous_1)
FN:42,(anonymous_2)
FN:49,(anonymous_3)
FNF:4
FNH:4
FNDA:15,(anonymous_0)
FNDA:3,(anonymous_1)
FNDA:4,(anonymous_2)
FNDA:4,(anonymous_3)
DA:4,1
DA:5,15
DA:6,15
DA:7,15
DA:9,15
DA:10,3
DA:13,3
DA:14,3
DA:22,2
DA:23,2
DA:24,1
DA:25,1
DA:27,1
DA:30,1
DA:31,1
DA:35,15
DA:42,4
DA:49,4
LF:18
LH:18
BRDA:23,0,0,1
BRDA:23,0,1,1
BRDA:27,1,0,1
BRDA:27,1,1,0
BRDA:58,2,0,15
BRDA:58,2,1,2
BRF:6
BRH:5
end_of_record
TN:
SF:src\Components\LoginModal.js
FN:6,(anonymous_0)
FNF:1
FNH:1
FNDA:6,(anonymous_0)
DA:6,1
DA:7,6
DA:9,5
DA:19,1
LF:4
LH:4
BRDA:7,0,0,1
BRDA:7,0,1,5
BRF:2
BRH:2
end_of_record
TN:
SF:src\Components\ModalButtons.js
FN:3,ModalButtons
FNF:1
FNH:1
FNDA:4,ModalButtons
DA:4,4
LF:1
LH:1
BRF:0
BRH:0
end_of_record
TN:
SF:src\Components\SuccefulMessage.js
FN:3,(anonymous_0)
FNF:1
FNH:1
FNDA:5,(anonymous_0)
DA:3,1
DA:4,5
LF:2
LH:2
BRF:0
BRH:0
end_of_record
TN:
SF:src\Components\UploadModal.js
FN:6,UploadModal
FN:12,(anonymous_1)
FN:14,(anonymous_2)
FN:37,(anonymous_3)
FN:40,(anonymous_4)
FN:47,(anonymous_5)
FN:48,(anonymous_6)
FN:51,(anonymous_7)
FN:65,(anonymous_8)
FN:75,(anonymous_9)
FN:77,(anonymous_10)
FN:84,(anonymous_11)
FN:94,(anonymous_12)
FNF:13
FNH:10
FNDA:26,UploadModal
FNDA:11,(anonymous_1)
FNDA:11,(anonymous_2)
FNDA:10,(anonymous_3)
FNDA:2,(anonymous_4)
FNDA:1,(anonymous_5)
FNDA:1,(anonymous_6)
FNDA:3,(anonymous_7)
FNDA:3,(anonymous_8)
FNDA:1,(anonymous_9)
FNDA:0,(anonymous_10)
FNDA:0,(anonymous_11)
FNDA:0,(anonymous_12)
DA:7,26
DA:8,26
DA:9,26
DA:10,26
DA:12,26
DA:13,11
DA:15,11
DA:22,11
DA:23,11
DA:24,11
DA:26,11
DA:27,1
DA:28,1
DA:31,10
DA:32,2
DA:34,8
DA:37,10
DA:40,26
DA:41,2
DA:42,2
DA:43,2
DA:44,2
DA:47,26
DA:48,1
DA:51,26
DA:52,3
DA:53,3
DA:56,3
DA:57,0
DA:58,0
DA:59,0
DA:61,0
DA:64,3
DA:65,3
DA:67,3
DA:68,3
DA:73,2
DA:74,1
DA:75,1
DA:76,1
DA:77,1
DA:78,0
DA:82,1
DA:83,1
DA:84,1
DA:85,0
DA:87,1
DA:88,1
DA:92,1
DA:93,1
DA:94,1
DA:95,0
DA:97,1
DA:98,1
DA:103,26
LF:55
LH:48
BRDA:15,0,0,11
BRDA:15,0,1,2
BRDA:15,0,2,2
BRDA:15,0,3,2
BRDA:15,0,4,2
BRDA:26,1,0,1
BRDA:26,1,1,10
BRDA:31,2,0,2
BRDA:31,2,1,8
BRDA:52,3,0,3
BRDA:52,3,1,0
BRDA:56,4,0,0
BRDA:56,4,1,3
BRDA:58,5,0,0
BRDA:58,5,1,0
BRDA:73,6,0,1
BRDA:73,6,1,1
BRDA:87,7,0,1
BRDA:87,7,1,0
BRDA:97,8,0,1
BRDA:97,8,1,0
BRDA:106,9,0,26
BRDA:106,9,1,3
BRDA:107,10,0,26
BRDA:107,10,1,2
BRF:25
BRH:19
end_of_record
TN:
SF:src\Components\UploadedFilesList.js
FN:3,UploadedFilesList
FN:12,(anonymous_1)
FN:14,(anonymous_2)
FNF:3
FNH:3
FNDA:5,UploadedFilesList
FNDA:9,(anonymous_1)
FNDA:3,(anonymous_2)
DA:4,5
DA:13,9
DA:14,3
LF:3
LH:3
BRDA:11,0,0,3
BRDA:11,0,1,2
BRF:2
BRH:2
end_of_record
