{"C:\\Users\\bnorm\\SAGE_XR_React\\backend\\services\\fileProcessingService.js": {"path":"C:\\Users\\bnorm\\SAGE_XR_React\\backend\\services\\fileProcessingService.js","statementMap":{"0":{"start":{"line":1,"column":20},"end":{"line":1,"column":51}},"1":{"start":{"line":4,"column":24},"end":{"line":4,"column":25}},"2":{"start":{"line":5,"column":29},"end":{"line":5,"column":32}},"3":{"start":{"line":6,"column":28},"end":{"line":6,"column":66}},"4":{"start":{"line":9,"column":19},"end":{"line":9,"column":21}},"5":{"start":{"line":10,"column":23},"end":{"line":10,"column":25}},"6":{"start":{"line":13,"column":22},"end":{"line":15,"column":55}},"7":{"start":{"line":15,"column":28},"end":{"line":15,"column":54}},"8":{"start":{"line":17,"column":4},"end":{"line":17,"column":65}},"9":{"start":{"line":19,"column":4},"end":{"line":33,"column":5}},"10":{"start":{"line":20,"column":26},"end":{"line":22,"column":29}},"11":{"start":{"line":24,"column":8},"end":{"line":32,"column":9}},"12":{"start":{"line":25,"column":12},"end":{"line":28,"column":13}},"13":{"start":{"line":26,"column":16},"end":{"line":26,"column":79}},"14":{"start":{"line":27,"column":16},"end":{"line":27,"column":42}},"15":{"start":{"line":29,"column":12},"end":{"line":29,"column":43}},"16":{"start":{"line":31,"column":12},"end":{"line":31,"column":37}},"17":{"start":{"line":35,"column":4},"end":{"line":38,"column":5}},"18":{"start":{"line":36,"column":8},"end":{"line":36,"column":77}},"19":{"start":{"line":37,"column":8},"end":{"line":37,"column":34}},"20":{"start":{"line":40,"column":4},"end":{"line":40,"column":51}},"21":{"start":{"line":41,"column":4},"end":{"line":43,"column":7}},"22":{"start":{"line":42,"column":8},"end":{"line":42,"column":127}},"23":{"start":{"line":45,"column":4},"end":{"line":45,"column":18}},"24":{"start":{"line":49,"column":4},"end":{"line":74,"column":5}},"25":{"start":{"line":50,"column":21},"end":{"line":50,"column":43}},"26":{"start":{"line":51,"column":8},"end":{"line":51,"column":65}},"27":{"start":{"line":53,"column":23},"end":{"line":53,"column":50}},"28":{"start":{"line":54,"column":8},"end":{"line":54,"column":66}},"29":{"start":{"line":56,"column":8},"end":{"line":64,"column":9}},"30":{"start":{"line":56,"column":21},"end":{"line":56,"column":22}},"31":{"start":{"line":57,"column":34},"end":{"line":61,"column":13}},"32":{"start":{"line":63,"column":12},"end":{"line":63,"column":68}},"33":{"start":{"line":66,"column":8},"end":{"line":70,"column":10}},"34":{"start":{"line":72,"column":8},"end":{"line":72,"column":55}},"35":{"start":{"line":73,"column":8},"end":{"line":73,"column":20}},"36":{"start":{"line":77,"column":0},"end":{"line":80,"column":2}}},"fnMap":{"0":{"name":"splitIntoChunks","decl":{"start":{"line":8,"column":15},"end":{"line":8,"column":30}},"loc":{"start":{"line":8,"column":37},"end":{"line":46,"column":1}},"line":8},"1":{"name":"(anonymous_1)","decl":{"start":{"line":15,"column":16},"end":{"line":15,"column":17}},"loc":{"start":{"line":15,"column":28},"end":{"line":15,"column":54}},"line":15},"2":{"name":"(anonymous_2)","decl":{"start":{"line":41,"column":19},"end":{"line":41,"column":20}},"loc":{"start":{"line":41,"column":33},"end":{"line":43,"column":5}},"line":41},"3":{"name":"processFile","decl":{"start":{"line":48,"column":15},"end":{"line":48,"column":26}},"loc":{"start":{"line":48,"column":55},"end":{"line":75,"column":1}},"line":48}},"branchMap":{"0":{"loc":{"start":{"line":20,"column":26},"end":{"line":22,"column":29}},"type":"cond-expr","locations":[{"start":{"line":21,"column":14},"end":{"line":21,"column":50}},{"start":{"line":22,"column":14},"end":{"line":22,"column":29}}],"line":20},"1":{"loc":{"start":{"line":24,"column":8},"end":{"line":32,"column":9}},"type":"if","locations":[{"start":{"line":24,"column":8},"end":{"line":32,"column":9}},{"start":{"line":30,"column":15},"end":{"line":32,"column":9}}],"line":24},"2":{"loc":{"start":{"line":25,"column":12},"end":{"line":28,"column":13}},"type":"if","locations":[{"start":{"line":25,"column":12},"end":{"line":28,"column":13}},{"start":{},"end":{}}],"line":25},"3":{"loc":{"start":{"line":35,"column":4},"end":{"line":38,"column":5}},"type":"if","locations":[{"start":{"line":35,"column":4},"end":{"line":38,"column":5}},{"start":{},"end":{}}],"line":35},"4":{"loc":{"start":{"line":48,"column":40},"end":{"line":48,"column":53}},"type":"default-arg","locations":[{"start":{"line":48,"column":51},"end":{"line":48,"column":53}}],"line":48}},"s":{"0":1,"1":1,"2":1,"3":1,"4":6,"5":6,"6":6,"7":106,"8":6,"9":6,"10":105,"11":105,"12":3,"13":2,"14":2,"15":3,"16":102,"17":6,"18":5,"19":5,"20":6,"21":6,"22":7,"23":6,"24":2,"25":2,"26":2,"27":2,"28":2,"29":2,"30":2,"31":2,"32":2,"33":1,"34":1,"35":1,"36":1},"f":{"0":6,"1":106,"2":7,"3":2},"b":{"0":[100,5],"1":[3,102],"2":[2,1],"3":[5,1],"4":[0]},"_coverageSchema":"1a1c01bbd47fc00a2c39e90264f33305004495a9","hash":"6ddaa1c30b3a5fd009c8fb284c0674259ad31429"}
,"C:\\Users\\bnorm\\SAGE_XR_React\\backend\\services\\llamaService.js": {"path":"C:\\Users\\bnorm\\SAGE_XR_React\\backend\\services\\llamaService.js","statementMap":{"0":{"start":{"line":1,"column":14},"end":{"line":1,"column":30}},"1":{"start":{"line":5,"column":8},"end":{"line":5,"column":54}},"2":{"start":{"line":9,"column":8},"end":{"line":55,"column":9}},"3":{"start":{"line":11,"column":12},"end":{"line":15,"column":13}},"4":{"start":{"line":12,"column":16},"end":{"line":12,"column":85}},"5":{"start":{"line":14,"column":16},"end":{"line":14,"column":286}},"6":{"start":{"line":17,"column":12},"end":{"line":17,"column":86}},"7":{"start":{"line":19,"column":29},"end":{"line":34,"column":14}},"8":{"start":{"line":36,"column":12},"end":{"line":36,"column":60}},"9":{"start":{"line":39,"column":12},"end":{"line":45,"column":13}},"10":{"start":{"line":40,"column":16},"end":{"line":44,"column":17}},"11":{"start":{"line":41,"column":20},"end":{"line":41,"column":68}},"12":{"start":{"line":42,"column":23},"end":{"line":44,"column":17}},"13":{"start":{"line":43,"column":20},"end":{"line":43,"column":57}},"14":{"start":{"line":47,"column":12},"end":{"line":47,"column":71}},"15":{"start":{"line":49,"column":12},"end":{"line":53,"column":15}},"16":{"start":{"line":54,"column":12},"end":{"line":54,"column":24}},"17":{"start":{"line":59,"column":0},"end":{"line":59,"column":36}}},"fnMap":{"0":{"name":"(anonymous_0)","decl":{"start":{"line":4,"column":4},"end":{"line":4,"column":5}},"loc":{"start":{"line":4,"column":18},"end":{"line":6,"column":5}},"line":4},"1":{"name":"(anonymous_1)","decl":{"start":{"line":8,"column":4},"end":{"line":8,"column":5}},"loc":{"start":{"line":8,"column":49},"end":{"line":56,"column":5}},"line":8}},"branchMap":{"0":{"loc":{"start":{"line":8,"column":35},"end":{"line":8,"column":47}},"type":"default-arg","locations":[{"start":{"line":8,"column":45},"end":{"line":8,"column":47}}],"line":8},"1":{"loc":{"start":{"line":11,"column":12},"end":{"line":15,"column":13}},"type":"if","locations":[{"start":{"line":11,"column":12},"end":{"line":15,"column":13}},{"start":{"line":13,"column":19},"end":{"line":15,"column":13}}],"line":11},"2":{"loc":{"start":{"line":39,"column":12},"end":{"line":45,"column":13}},"type":"if","locations":[{"start":{"line":39,"column":12},"end":{"line":45,"column":13}},{"start":{},"end":{}}],"line":39},"3":{"loc":{"start":{"line":39,"column":16},"end":{"line":39,"column":65}},"type":"binary-expr","locations":[{"start":{"line":39,"column":16},"end":{"line":39,"column":37}},{"start":{"line":39,"column":41},"end":{"line":39,"column":65}}],"line":39},"4":{"loc":{"start":{"line":40,"column":16},"end":{"line":44,"column":17}},"type":"if","locations":[{"start":{"line":40,"column":16},"end":{"line":44,"column":17}},{"start":{"line":42,"column":23},"end":{"line":44,"column":17}}],"line":40},"5":{"loc":{"start":{"line":42,"column":23},"end":{"line":44,"column":17}},"type":"if","locations":[{"start":{"line":42,"column":23},"end":{"line":44,"column":17}},{"start":{},"end":{}}],"line":42}},"s":{"0":1,"1":1,"2":4,"3":4,"4":1,"5":3,"6":4,"7":4,"8":3,"9":3,"10":3,"11":2,"12":1,"13":0,"14":1,"15":2,"16":2,"17":1},"f":{"0":1,"1":4},"b":{"0":[3],"1":[1,3],"2":[3,0],"3":[3,3],"4":[2,1],"5":[0,1]},"_coverageSchema":"1a1c01bbd47fc00a2c39e90264f33305004495a9","hash":"e35dab39ac4850d583752aac4f9f6409cb93c98a"}
}
