{"C:\\Users\\bnorm\\ProgrammingProjects\\SAGE_XR_React\\backend\\services\\vectorStoreService.js": {"path":"C:\\Users\\bnorm\\ProgrammingProjects\\SAGE_XR_React\\backend\\services\\vectorStoreService.js","statementMap":{"0":{"start":{"line":1,"column":25},"end":{"line":1,"column":58}},"1":{"start":{"line":2,"column":14},"end":{"line":2,"column":30}},"2":{"start":{"line":3,"column":23},"end":{"line":3,"column":38}},"3":{"start":{"line":7,"column":8},"end":{"line":10,"column":11}},"4":{"start":{"line":11,"column":8},"end":{"line":11,"column":60}},"5":{"start":{"line":15,"column":8},"end":{"line":31,"column":9}},"6":{"start":{"line":17,"column":32},"end":{"line":17,"column":66}},"7":{"start":{"line":18,"column":27},"end":{"line":18,"column":92}},"8":{"start":{"line":18,"column":61},"end":{"line":18,"column":91}},"9":{"start":{"line":20,"column":12},"end":{"line":27,"column":13}},"10":{"start":{"line":21,"column":16},"end":{"line":26,"column":19}},"11":{"start":{"line":29,"column":12},"end":{"line":29,"column":63}},"12":{"start":{"line":30,"column":12},"end":{"line":30,"column":24}},"13":{"start":{"line":35,"column":8},"end":{"line":51,"column":9}},"14":{"start":{"line":36,"column":29},"end":{"line":39,"column":14}},"15":{"start":{"line":41,"column":12},"end":{"line":45,"column":13}},"16":{"start":{"line":42,"column":16},"end":{"line":42,"column":55}},"17":{"start":{"line":43,"column":19},"end":{"line":45,"column":13}},"18":{"start":{"line":44,"column":16},"end":{"line":44,"column":47}},"19":{"start":{"line":47,"column":12},"end":{"line":47,"column":68}},"20":{"start":{"line":49,"column":12},"end":{"line":49,"column":61}},"21":{"start":{"line":50,"column":12},"end":{"line":50,"column":24}},"22":{"start":{"line":55,"column":8},"end":{"line":55,"column":32}},"23":{"start":{"line":56,"column":23},"end":{"line":56,"column":52}},"24":{"start":{"line":57,"column":19},"end":{"line":57,"column":27}},"25":{"start":{"line":59,"column":8},"end":{"line":69,"column":11}},"26":{"start":{"line":71,"column":8},"end":{"line":71,"column":18}},"27":{"start":{"line":75,"column":8},"end":{"line":75,"column":32}},"28":{"start":{"line":76,"column":28},"end":{"line":76,"column":58}},"29":{"start":{"line":78,"column":8},"end":{"line":78,"column":72}},"30":{"start":{"line":80,"column":24},"end":{"line":84,"column":10}},"31":{"start":{"line":86,"column":8},"end":{"line":86,"column":66}},"32":{"start":{"line":88,"column":8},"end":{"line":98,"column":12}},"33":{"start":{"line":88,"column":35},"end":{"line":98,"column":9}},"34":{"start":{"line":102,"column":0},"end":{"line":102,"column":42}}},"fnMap":{"0":{"name":"(anonymous_0)","decl":{"start":{"line":6,"column":4},"end":{"line":6,"column":5}},"loc":{"start":{"line":6,"column":18},"end":{"line":12,"column":5}},"line":6},"1":{"name":"(anonymous_1)","decl":{"start":{"line":14,"column":4},"end":{"line":14,"column":5}},"loc":{"start":{"line":14,"column":23},"end":{"line":32,"column":5}},"line":14},"2":{"name":"(anonymous_2)","decl":{"start":{"line":18,"column":56},"end":{"line":18,"column":57}},"loc":{"start":{"line":18,"column":61},"end":{"line":18,"column":91}},"line":18},"3":{"name":"(anonymous_3)","decl":{"start":{"line":34,"column":4},"end":{"line":34,"column":5}},"loc":{"start":{"line":34,"column":29},"end":{"line":52,"column":5}},"line":34},"4":{"name":"(anonymous_4)","decl":{"start":{"line":54,"column":4},"end":{"line":54,"column":5}},"loc":{"start":{"line":54,"column":43},"end":{"line":72,"column":5}},"line":54},"5":{"name":"(anonymous_5)","decl":{"start":{"line":74,"column":4},"end":{"line":74,"column":5}},"loc":{"start":{"line":74,"column":42},"end":{"line":99,"column":5}},"line":74},"6":{"name":"(anonymous_6)","decl":{"start":{"line":88,"column":27},"end":{"line":88,"column":28}},"loc":{"start":{"line":88,"column":35},"end":{"line":98,"column":9}},"line":88}},"branchMap":{"0":{"loc":{"start":{"line":20,"column":12},"end":{"line":27,"column":13}},"type":"if","locations":[{"start":{"line":20,"column":12},"end":{"line":27,"column":13}},{"start":{},"end":{}}],"line":20},"1":{"loc":{"start":{"line":41,"column":12},"end":{"line":45,"column":13}},"type":"if","locations":[{"start":{"line":41,"column":12},"end":{"line":45,"column":13}},{"start":{"line":43,"column":19},"end":{"line":45,"column":13}}],"line":41},"2":{"loc":{"start":{"line":41,"column":16},"end":{"line":41,"column":71}},"type":"binary-expr","locations":[{"start":{"line":41,"column":16},"end":{"line":41,"column":34}},{"start":{"line":41,"column":38},"end":{"line":41,"column":71}}],"line":41},"3":{"loc":{"start":{"line":43,"column":19},"end":{"line":45,"column":13}},"type":"if","locations":[{"start":{"line":43,"column":19},"end":{"line":45,"column":13}},{"start":{},"end":{}}],"line":43},"4":{"loc":{"start":{"line":54,"column":28},"end":{"line":54,"column":41}},"type":"default-arg","locations":[{"start":{"line":54,"column":39},"end":{"line":54,"column":41}}],"line":54},"5":{"loc":{"start":{"line":74,"column":31},"end":{"line":74,"column":40}},"type":"default-arg","locations":[{"start":{"line":74,"column":39},"end":{"line":74,"column":40}}],"line":74}},"s":{"0":1,"1":1,"2":1,"3":1,"4":1,"5":5,"6":5,"7":4,"8":3,"9":4,"10":1,"11":1,"12":1,"13":5,"14":5,"15":4,"16":3,"17":1,"18":1,"19":0,"20":1,"21":1,"22":1,"23":1,"24":1,"25":1,"26":1,"27":1,"28":1,"29":1,"30":1,"31":1,"32":1,"33":1,"34":1},"f":{"0":1,"1":5,"2":3,"3":5,"4":1,"5":1,"6":1},"b":{"0":[1,3],"1":[3,1],"2":[4,3],"3":[1,0],"4":[0],"5":[0]},"_coverageSchema":"1a1c01bbd47fc00a2c39e90264f33305004495a9","hash":"dbb715abd0cfb651295cdb8f144d2f1372d63eee"}
}
