TN:
SF:services\fileProcessingService.js
FN:8,splitIntoChunks
FN:15,(anonymous_1)
FN:58,(anonymous_2)
FN:65,processFile
FNF:4
FNH:4
FNDA:6,splitIntoChunks
FNDA:106,(anonymous_1)
FNDA:23,(anonymous_2)
FNDA:2,processFile
DA:1,1
DA:4,1
DA:5,1
DA:6,1
DA:9,6
DA:10,6
DA:13,6
DA:15,106
DA:17,6
DA:20,6
DA:22,6
DA:23,105
DA:27,105
DA:28,19
DA:29,18
DA:30,18
DA:33,18
DA:34,18
DA:35,18
DA:37,18
DA:38,864
DA:39,846
DA:40,846
DA:43,18
DA:45,1
DA:48,86
DA:52,6
DA:53,5
DA:54,5
DA:57,6
DA:58,6
DA:59,23
DA:62,6
DA:66,2
DA:67,2
DA:68,2
DA:70,2
DA:71,2
DA:73,2
DA:74,2
DA:80,2
DA:83,1
DA:89,1
DA:90,1
DA:94,1
LF:45
LH:45
BRDA:23,0,0,100
BRDA:23,0,1,5
BRDA:27,1,0,19
BRDA:27,1,1,86
BRDA:28,2,0,18
BRDA:28,2,1,1
BRDA:38,3,0,18
BRDA:38,3,1,846
BRDA:52,4,0,5
BRDA:52,4,1,1
BRDA:65,5,0,0
BRF:11
BRH:10
end_of_record
TN:
SF:services\llamaService.js
FN:9,(anonymous_0)
FN:13,(anonymous_1)
FN:22,(anonymous_2)
FNF:3
FNH:3
FNDA:1,(anonymous_0)
FNDA:6,(anonymous_1)
FNDA:4,(anonymous_2)
DA:1,1
DA:2,1
DA:3,1
DA:6,1
DA:10,1
DA:14,6
DA:16,6
DA:18,6
DA:21,6
DA:22,4
DA:25,6
DA:26,6
DA:27,6
DA:30,6
DA:36,6
DA:39,6
DA:43,6
DA:44,6
DA:45,6
DA:48,6
DA:55,5
DA:56,5
DA:59,5
DA:70,5
DA:72,1
DA:73,1
DA:78,1
LF:27
LH:27
BRDA:13,0,0,3
BRDA:13,1,0,4
BRDA:18,2,0,6
BRDA:18,2,1,0
BRDA:22,3,0,2
BRDA:22,3,1,2
BRDA:39,4,0,3
BRDA:39,4,1,3
BRDA:63,5,0,5
BRDA:63,5,1,0
BRF:10
BRH:8
end_of_record
TN:
SF:services\metricsService.js
FN:8,(anonymous_0)
FN:17,(anonymous_1)
FN:38,(anonymous_2)
FN:68,(anonymous_3)
FN:101,(anonymous_4)
FN:115,(anonymous_5)
FN:131,(anonymous_6)
FN:134,(anonymous_7)
FN:139,(anonymous_8)
FN:141,(anonymous_9)
FNF:10
FNH:8
FNDA:7,(anonymous_0)
FNDA:9,(anonymous_1)
FNDA:7,(anonymous_2)
FNDA:1,(anonymous_3)
FNDA:4,(anonymous_4)
FNDA:20,(anonymous_5)
FNDA:2,(anonymous_6)
FNDA:2,(anonymous_7)
FNDA:0,(anonymous_8)
FNDA:0,(anonymous_9)
DA:1,1
DA:2,1
DA:3,1
DA:4,1
DA:5,1
DA:9,7
DA:10,7
DA:11,7
DA:13,7
DA:14,7
DA:18,9
DA:19,9
DA:20,8
DA:21,8
DA:22,8
DA:29,1
DA:30,1
DA:39,7
DA:40,7
DA:41,7
DA:43,7
DA:44,7
DA:64,7
DA:69,1
DA:70,1
DA:72,1
DA:73,1
DA:74,1
DA:76,1
DA:98,1
DA:102,4
DA:103,3
DA:104,3
DA:107,1
DA:109,1
DA:110,4
DA:111,4
DA:114,4
DA:115,4
DA:116,20
DA:120,4
DA:121,4
DA:125,1
DA:128,1
DA:133,2
DA:134,2
DA:135,2
DA:140,0
DA:141,0
DA:142,0
DA:143,0
DA:150,0
DA:151,0
DA:152,0
DA:153,0
DA:158,0
DA:159,0
DA:165,1
LF:58
LH:48
BRDA:20,0,0,8
BRDA:20,0,1,0
BRDA:20,1,0,8
BRDA:20,1,1,8
BRDA:23,2,0,8
BRDA:23,2,1,0
BRDA:24,3,0,8
BRDA:24,3,1,0
BRDA:25,4,0,8
BRDA:25,4,1,0
BRDA:40,5,0,7
BRDA:40,5,1,0
BRDA:43,6,0,7
BRDA:43,6,1,0
BRDA:80,7,0,1
BRDA:80,7,1,0
BRDA:81,8,0,1
BRDA:81,8,1,0
BRDA:82,9,0,1
BRDA:82,9,1,0
BRDA:84,10,0,1
BRDA:84,10,1,0
BRDA:93,11,0,1
BRDA:93,11,1,0
BRDA:94,12,0,1
BRDA:94,12,1,0
BRDA:102,13,0,3
BRDA:102,13,1,1
BRDA:135,14,0,1
BRDA:135,14,1,1
BRF:30
BRH:18
end_of_record
TN:
SF:services\vectorStoreService.js
FN:6,(anonymous_0)
FN:14,(anonymous_1)
FN:18,(anonymous_2)
FN:34,(anonymous_3)
FN:54,(anonymous_4)
FN:74,(anonymous_5)
FN:88,(anonymous_6)
FNF:7
FNH:7
FNDA:1,(anonymous_0)
FNDA:5,(anonymous_1)
FNDA:3,(anonymous_2)
FNDA:5,(anonymous_3)
FNDA:1,(anonymous_4)
FNDA:1,(anonymous_5)
FNDA:1,(anonymous_6)
DA:1,1
DA:2,1
DA:3,1
DA:7,1
DA:11,1
DA:15,5
DA:17,5
DA:18,4
DA:20,4
DA:21,1
DA:29,1
DA:30,1
DA:35,5
DA:36,5
DA:41,4
DA:42,3
DA:43,1
DA:44,1
DA:47,0
DA:49,1
DA:50,1
DA:55,1
DA:56,1
DA:57,1
DA:59,1
DA:71,1
DA:75,1
DA:76,1
DA:78,1
DA:80,1
DA:86,1
DA:88,1
DA:102,1
LF:33
LH:32
BRDA:20,0,0,1
BRDA:20,0,1,3
BRDA:41,1,0,3
BRDA:41,1,1,1
BRDA:41,2,0,4
BRDA:41,2,1,3
BRDA:43,3,0,1
BRDA:43,3,1,0
BRDA:54,4,0,0
BRDA:74,5,0,0
BRF:10
BRH:7
end_of_record
TN:
SF:utils\seedUsers.js
FN:4,seedUsers
FN:168,runIfMain
FN:170,(anonymous_2)
FNF:3
FNH:2
FNDA:2,seedUsers
FNDA:1,runIfMain
FNDA:0,(anonymous_2)
DA:1,1
DA:2,1
DA:7,2
DA:56,2
DA:63,2
DA:66,2
DA:67,2
DA:70,2
DA:71,2
DA:74,2
DA:77,2
DA:89,2
DA:92,2
DA:105,2
DA:106,2
DA:111,2
DA:114,0
DA:118,2
DA:119,2
DA:122,2
DA:124,0
DA:127,2
DA:129,2
DA:131,10
DA:136,10
DA:137,1
DA:138,1
DA:144,9
DA:149,9
DA:153,2
DA:155,0
DA:157,2
DA:158,2
DA:163,1
DA:169,1
DA:170,0
DA:171,0
DA:172,0
DA:178,1
LF:39
LH:33
BRDA:57,0,0,2
BRDA:57,0,1,0
BRDA:58,1,0,2
BRDA:58,1,1,0
BRDA:59,2,0,2
BRDA:59,2,1,0
BRDA:60,3,0,2
BRDA:60,3,1,0
BRDA:63,4,0,2
BRDA:63,4,1,0
BRDA:78,5,0,2
BRDA:78,5,1,0
BRDA:79,6,0,2
BRDA:79,6,1,0
BRDA:80,7,0,2
BRDA:80,7,1,0
BRDA:81,8,0,2
BRDA:81,8,1,0
BRDA:84,9,0,0
BRDA:84,9,1,2
BRDA:136,10,0,1
BRDA:136,10,1,9
BRDA:157,11,0,2
BRDA:157,11,1,0
BRDA:169,12,0,0
BRDA:169,12,1,1
BRF:26
BRH:14
end_of_record
