TN:
SF:services\vectorStoreService.js
FN:6,(anonymous_0)
FN:14,(anonymous_1)
FN:18,(anonymous_2)
FN:34,(anonymous_3)
FN:54,(anonymous_4)
FN:74,(anonymous_5)
FN:88,(anonymous_6)
FNF:7
FNH:7
FNDA:1,(anonymous_0)
FNDA:5,(anonymous_1)
FNDA:3,(anonymous_2)
FNDA:5,(anonymous_3)
FNDA:1,(anonymous_4)
FNDA:1,(anonymous_5)
FNDA:1,(anonymous_6)
DA:1,1
DA:2,1
DA:3,1
DA:7,1
DA:11,1
DA:15,5
DA:17,5
DA:18,4
DA:20,4
DA:21,1
DA:29,1
DA:30,1
DA:35,5
DA:36,5
DA:41,4
DA:42,3
DA:43,1
DA:44,1
DA:47,0
DA:49,1
DA:50,1
DA:55,1
DA:56,1
DA:57,1
DA:59,1
DA:71,1
DA:75,1
DA:76,1
DA:78,1
DA:80,1
DA:86,1
DA:88,1
DA:102,1
LF:33
LH:32
BRDA:20,0,0,1
BRDA:20,0,1,3
BRDA:41,1,0,3
BRDA:41,1,1,1
BRDA:41,2,0,4
BRDA:41,2,1,3
BRDA:43,3,0,1
BRDA:43,3,1,0
BRDA:54,4,0,0
BRDA:74,5,0,0
BRF:10
BRH:7
end_of_record
