TN:
SF:backend\services\vectorStoreService.js
FN:6,(anonymous_0)
FN:14,(anonymous_1)
FN:18,(anonymous_2)
FN:34,(anonymous_3)
FN:54,(anonymous_4)
FN:74,(anonymous_5)
FN:88,(anonymous_6)
FNF:7
FNH:5
FNDA:1,(anonymous_0)
FNDA:5,(anonymous_1)
FNDA:0,(anonymous_2)
FNDA:3,(anonymous_3)
FNDA:1,(anonymous_4)
FNDA:1,(anonymous_5)
FNDA:0,(anonymous_6)
DA:1,1
DA:2,1
DA:3,1
DA:7,1
DA:11,1
DA:15,5
DA:17,5
DA:18,5
DA:20,0
DA:21,0
DA:29,5
DA:30,5
DA:35,3
DA:36,3
DA:41,3
DA:42,0
DA:43,0
DA:44,0
DA:47,0
DA:49,3
DA:50,3
DA:55,1
DA:56,0
DA:57,0
DA:59,0
DA:71,0
DA:75,1
DA:76,0
DA:78,0
DA:80,0
DA:86,0
DA:88,0
DA:102,1
LF:33
LH:18
BRDA:20,0,0,0
BRDA:20,0,1,0
BRDA:41,1,0,0
BRDA:41,1,1,0
BRDA:41,2,0,3
BRDA:41,2,1,0
BRDA:43,3,0,0
BRDA:43,3,1,0
BRDA:54,4,0,0
BRDA:74,5,0,0
BRF:10
BRH:1
end_of_record
